<?xml version="1.0" encoding="UTF-8"?>
<testng-results skipped="0" failed="0" total="1" passed="1">
  <reporter-output>
  </reporter-output>
  <suite name="Default suite" duration-ms="2237" started-at="2019-09-29T13:45:59Z" finished-at="2019-09-29T13:46:01Z">
    <groups>
    </groups>
    <test name="Default test" duration-ms="2237" started-at="2019-09-29T13:45:59Z" finished-at="2019-09-29T13:46:01Z">
      <class name="pkg.testDelete">
        <test-method status="PASS" signature="testPostRequest()[pri:0, instance:pkg.testDelete@1efbd816]" name="testPostRequest" duration-ms="2223" started-at="2019-09-29T19:15:59Z" finished-at="2019-09-29T19:16:01Z">
          <reporter-output>
          </reporter-output>
        </test-method> <!-- testPostRequest -->
      </class> <!-- pkg.testDelete -->
    </test> <!-- Default test -->
  </suite> <!-- Default suite -->
</testng-results>
