<?xml version="1.0" encoding="UTF-8"?>
<testng-results skipped="0" failed="0" total="1" passed="1">
  <reporter-output>
  </reporter-output>
  <suite name="Default suite" duration-ms="2866" started-at="2019-09-29T13:32:56Z" finished-at="2019-09-29T13:32:59Z">
    <groups>
    </groups>
    <test name="Default test" duration-ms="2866" started-at="2019-09-29T13:32:56Z" finished-at="2019-09-29T13:32:59Z">
      <class name="pkg.testPost">
        <test-method status="PASS" signature="testPostRequest()[pri:0, instance:pkg.testPost@1efbd816]" name="testPostRequest" duration-ms="2858" started-at="2019-09-29T19:02:56Z" finished-at="2019-09-29T19:02:59Z">
          <reporter-output>
          </reporter-output>
        </test-method> <!-- testPostRequest -->
      </class> <!-- pkg.testPost -->
    </test> <!-- Default test -->
  </suite> <!-- Default suite -->
</testng-results>
